2009-08-28 10:20:02 
2009-08-28 10:20:02 
2009-08-28 10:20:02 
2009-08-28 10:20:02 
2009-08-28 10:20:02 
2009-08-28 10:21:01 Paleidziam robota
2009-08-28 10:21:01 
2009-08-28 10:22:01 Paleidziam robota
2009-08-28 10:23:31 
2009-08-28 10:25:01 Paleidziam robota
2009-09-04 05:51:12 
2009-09-04 05:59:13 Paleidziam robota
2009-09-06 06:30:23 
2009-09-06 06:31:01 Paleidziam robota
2009-09-06 06:31:03 
2009-09-06 06:32:01 Paleidziam robota
2009-09-06 06:32:01 
2009-09-06 06:33:01 Paleidziam robota
2009-09-06 06:33:01 
2009-09-06 06:34:01 Paleidziam robota
2009-09-06 06:34:01 
2009-09-06 06:35:01 Paleidziam robota
2009-09-06 06:35:01 
2009-09-06 06:36:01 Paleidziam robota
2009-09-06 06:36:01 
2009-09-06 06:37:01 Paleidziam robota
2009-09-06 06:37:01 
2009-09-06 06:38:01 Paleidziam robota
2009-09-06 06:38:01 
2009-09-06 06:39:01 Paleidziam robota
2009-09-06 06:39:01 
2009-09-06 06:40:01 Paleidziam robota
2009-09-06 06:40:01 
2009-09-06 06:41:01 Paleidziam robota
2009-09-06 06:41:01 
2009-09-06 06:42:01 Paleidziam robota
2009-09-06 06:42:01 
2009-09-06 06:43:02 Paleidziam robota
2009-09-06 06:43:02 
2009-09-06 06:44:01 Paleidziam robota
2009-09-06 06:44:01 
2009-09-06 06:45:01 Paleidziam robota
2009-09-06 06:45:01 
2009-09-06 06:46:01 Paleidziam robota
2009-09-06 06:46:01 
2009-09-06 06:47:01 Paleidziam robota
2009-09-06 06:47:01 
2009-09-06 06:48:01 Paleidziam robota
2009-09-06 06:48:02 
2009-09-06 06:49:01 Paleidziam robota
2009-09-06 06:49:01 
2009-09-06 06:50:01 Paleidziam robota
2009-09-06 06:50:01 
2009-09-06 06:51:01 Paleidziam robota
2009-09-06 06:51:01 
2009-09-06 06:52:01 Paleidziam robota
2009-09-06 06:52:01 
2009-09-06 06:53:01 Paleidziam robota
2009-09-06 06:53:01 
2009-09-06 06:54:01 Paleidziam robota
2009-09-06 06:54:02 
2009-09-06 06:55:01 Paleidziam robota
2009-09-06 06:55:01 
2009-09-06 06:56:01 Paleidziam robota
2009-09-06 06:56:01 
2009-09-06 06:57:01 Paleidziam robota
2009-09-06 06:57:01 
2009-09-06 06:58:01 Paleidziam robota
2009-09-06 06:58:01 
2009-09-06 06:59:01 Paleidziam robota
2009-09-06 06:59:01 
2009-09-06 07:00:01 Paleidziam robota
2009-09-06 07:00:02 
2009-09-06 07:01:01 Paleidziam robota
2009-09-06 07:01:01 
2009-09-06 07:02:01 Paleidziam robota
2009-09-06 07:02:01 
2009-09-06 07:03:01 Paleidziam robota
2009-09-06 07:03:01 
2009-09-06 07:04:01 Paleidziam robota
2009-09-06 07:04:01 
2009-09-06 07:05:02 Paleidziam robota
2009-09-06 07:05:02 
2009-09-06 07:06:01 Paleidziam robota
2009-09-06 07:06:01 
2009-09-06 07:07:01 Paleidziam robota
2009-09-06 07:07:01 
2009-09-06 07:08:01 Paleidziam robota
2009-09-06 07:08:01 
2009-09-06 07:09:01 Paleidziam robota
2009-09-06 07:09:01 
2009-09-06 07:10:01 Paleidziam robota
2009-09-06 07:10:02 
2009-09-06 07:11:01 Paleidziam robota
2009-09-06 07:11:01 
2009-09-06 07:12:01 Paleidziam robota
2009-09-06 07:12:01 
2009-09-06 07:13:01 Paleidziam robota
2009-09-06 07:13:01 
2009-09-06 07:14:01 Paleidziam robota
2009-09-06 07:14:01 
2009-09-06 07:15:01 Paleidziam robota
2009-09-06 07:15:01 
2009-09-06 07:16:01 Paleidziam robota
2009-09-06 07:16:01 
2009-09-06 07:17:01 Paleidziam robota
2009-09-06 07:17:01 
2009-09-06 07:18:01 Paleidziam robota
2009-09-06 07:18:01 
2009-09-06 07:19:01 Paleidziam robota
2009-09-06 07:19:01 
2009-09-06 07:20:01 Paleidziam robota
2009-09-06 07:20:01 
2009-09-06 07:21:01 Paleidziam robota
2009-09-06 07:21:01 
2009-09-06 07:22:01 Paleidziam robota
2009-09-06 07:22:01 
2009-09-06 07:23:01 Paleidziam robota
2009-09-06 07:23:01 
2009-09-06 07:24:01 Paleidziam robota
2009-09-06 07:24:01 
2009-09-06 07:25:01 Paleidziam robota
2009-09-06 07:25:01 
2009-09-06 07:26:01 Paleidziam robota
2009-09-06 07:26:01 
2009-09-06 07:27:01 Paleidziam robota
2009-09-06 07:27:01 
2009-09-06 07:28:01 Paleidziam robota
2009-09-06 07:28:01 
2009-09-06 07:29:01 Paleidziam robota
2009-09-06 07:29:01 
2009-09-06 07:30:01 Paleidziam robota
2009-09-06 07:30:01 
2009-09-06 07:31:01 Paleidziam robota
2009-09-06 07:31:01 
2009-09-06 07:32:01 Paleidziam robota
2009-09-06 07:32:01 
2009-09-06 07:33:01 Paleidziam robota
2009-09-06 07:33:01 
2009-09-06 07:34:01 Paleidziam robota
2009-09-06 11:01:01 Paleidziam robota
2009-09-06 11:20:04 Paleidziam robota
2009-09-09 19:47:40 
2009-09-16 11:13:21 
2009-09-16 11:14:02 Paleidziam robota
2009-09-18 10:20:01 Paleidziam robota
2009-09-18 10:21:01 Paleidziam robota
2009-09-18 10:22:01 Paleidziam robota
2009-09-18 10:23:01 Paleidziam robota
2009-09-18 10:24:01 Paleidziam robota
2009-09-18 10:25:01 Paleidziam robota
2009-09-23 17:25:44 
2009-09-23 17:25:48 
2009-09-23 17:25:53 
2009-09-23 17:25:55 
2009-09-23 17:25:55 
2009-09-23 17:25:55 
2009-09-23 17:25:55 
2009-09-23 17:27:01 Paleidziam robota
2009-09-26 16:36:16 
2009-09-26 16:37:01 Paleidziam robota
2009-09-28 05:58:01 Paleidziam robota
2009-11-02 23:27:43 
2009-11-02 23:29:01 Paleidziam robota
2009-11-09 16:32:01 Paleidziam robota
2009-11-29 13:16:00 
2009-11-29 13:16:00 
2009-11-29 13:17:01 Paleidziam robota
2009-12-03 05:03:28 Paleidziam robota
2009-12-07 16:09:01 Paleidziam robota
2009-12-10 07:00:21 
2009-12-10 07:00:23 
2009-12-10 07:00:23 
2009-12-10 07:04:17 Paleidziam robota
2009-12-10 19:24:02 Paleidziam robota
2009-12-13 02:39:20 
2009-12-13 02:39:21 
2009-12-13 03:22:09 Paleidziam robota
2009-12-13 21:09:01 Paleidziam robota
2009-12-22 02:14:02 Paleidziam robota
2009-12-23 11:44:01 Paleidziam robota
2009-12-31 17:10:22 
2009-12-31 17:10:31 
2009-12-31 17:10:31 
2009-12-31 17:10:31 
2009-12-31 17:12:01 Paleidziam robota
2009-12-31 17:20:31 
2009-12-31 17:22:01 Paleidziam robota
2010-01-02 17:19:03 Paleidziam robota
2010-02-05 03:01:01 Paleidziam robota
2010-03-08 16:46:01 Paleidziam robota
2010-03-30 13:56:05 Paleidziam robota
2010-03-31 22:17:56 
2010-03-31 22:18:22 
2010-03-31 22:18:22 
2010-03-31 22:19:01 Paleidziam robota
2010-03-31 22:19:01 
2010-03-31 22:20:01 Paleidziam robota
2010-03-31 22:20:01 
2010-03-31 22:21:01 Paleidziam robota
2010-03-31 22:21:01 
2010-03-31 22:22:01 Paleidziam robota
2010-03-31 22:22:01 
2010-03-31 22:23:01 Paleidziam robota
2010-03-31 22:23:01 
2010-03-31 22:24:01 Paleidziam robota
2010-03-31 22:24:01 
2010-03-31 22:25:01 Paleidziam robota
2010-03-31 22:25:01 
2010-03-31 22:26:01 Paleidziam robota
2010-03-31 22:26:01 
2010-03-31 22:27:01 Paleidziam robota
2010-03-31 22:27:01 
2010-03-31 22:28:01 Paleidziam robota
2010-03-31 22:28:01 
2010-03-31 22:29:01 Paleidziam robota
2010-03-31 22:29:01 
2010-03-31 22:30:01 Paleidziam robota
2010-03-31 22:30:01 
2010-03-31 22:31:01 Paleidziam robota
2010-03-31 22:31:01 
2010-03-31 22:32:01 Paleidziam robota
2010-03-31 22:32:01 
2010-03-31 22:33:01 Paleidziam robota
2010-03-31 22:33:01 
2010-03-31 22:34:01 Paleidziam robota
2010-03-31 22:34:01 
2010-03-31 22:35:01 Paleidziam robota
2010-03-31 22:35:02 
2010-03-31 22:36:01 Paleidziam robota
2010-03-31 22:36:01 
2010-03-31 22:37:01 Paleidziam robota
2010-03-31 22:37:01 
2010-03-31 22:38:01 Paleidziam robota
2010-03-31 22:38:01 
2010-03-31 22:39:01 Paleidziam robota
2010-03-31 22:39:01 
2010-03-31 22:40:01 Paleidziam robota
2010-03-31 22:40:02 
2010-03-31 22:41:01 Paleidziam robota
2010-03-31 22:41:02 
2010-03-31 22:42:01 Paleidziam robota
2010-03-31 22:42:01 
2010-03-31 22:43:01 Paleidziam robota
2010-03-31 22:43:02 
2010-03-31 22:44:01 Paleidziam robota
2010-03-31 22:44:01 
2010-03-31 22:45:01 Paleidziam robota
2010-03-31 22:45:01 
2010-03-31 22:46:01 Paleidziam robota
2010-03-31 23:43:36 
2010-03-31 23:45:01 Paleidziam robota
2010-04-01 00:01:05 
2010-04-01 00:02:01 Paleidziam robota
2010-04-07 15:21:01 Paleidziam robota
2010-04-12 14:01:59 
2010-04-12 14:02:12 
2010-04-12 14:03:01 Paleidziam robota
2010-04-12 16:15:02 Paleidziam robota
2010-04-13 06:48:10 
2010-04-13 06:48:10 
2010-04-13 06:52:30 Paleidziam robota
2010-04-13 06:55:05 Paleidziam robota
2010-04-18 22:42:01 Paleidziam robota
2010-04-18 22:49:01 Paleidziam robota
2010-04-19 03:36:01 Paleidziam robota
2010-04-19 03:45:01 Paleidziam robota
2010-04-19 03:47:01 Paleidziam robota
2010-04-19 03:58:01 Paleidziam robota
2010-04-19 10:58:08 
2010-04-19 10:58:09 
2010-04-19 10:58:11 
2010-04-19 10:58:14 
2010-04-19 10:58:17 
2010-04-19 10:58:22 
2010-04-19 10:58:25 
2010-04-20 08:05:31 
2010-04-20 08:07:02 Paleidzia2010-04-20 09:15:01 Paleidziam robota
2010-04-26 07:05:26 
2010-04-26 07:06:01 Paleidziam robota
2010-04-26 07:06:02 
2010-04-26 07:07:01 Paleidziam robota
2010-04-26 07:07:01 
2010-04-26 07:08:01 Paleidziam robota
2010-04-26 07:08:01 
2010-04-26 07:09:01 Paleidziam robota
2010-04-26 07:09:01 
2010-04-26 07:10:01 Paleidziam robota
2010-04-26 07:10:02 
2010-04-26 07:11:01 Paleidziam robota
2010-04-26 07:11:01 
2010-04-26 07:12:01 Paleidziam robota
2010-04-26 07:12:02 
2010-04-26 07:13:01 Paleidziam robota
2010-04-26 07:13:01 
2010-04-26 07:14:01 Paleidziam robota
2010-04-26 07:14:01 
2010-04-26 07:15:01 Paleidziam robota
2010-04-26 07:15:01 
2010-04-26 07:16:01 Paleidziam robota
2010-04-26 07:16:01 
2010-04-26 07:17:01 Paleidziam robota
2010-04-26 07:17:01 
2010-04-26 07:18:01 Paleidziam robota
2010-04-26 07:18:01 
2010-04-26 07:19:01 Paleidziam robota
2010-04-26 07:19:01 
2010-04-26 07:20:01 Paleidziam robota
2010-04-26 07:20:01 
2010-04-26 07:21:01 Paleidziam robota
2010-04-26 07:21:02 
2010-04-26 07:22:01 Paleidziam robota
2010-04-26 07:22:01 
2010-04-26 07:23:01 Paleidziam robota
2010-04-26 07:23:01 
2010-04-26 07:24:01 Paleidziam robota
2010-04-26 07:24:01 
2010-04-26 07:25:01 Paleidziam robota
2010-04-26 07:25:01 
2010-04-26 07:26:01 Paleidziam robota
2010-04-26 07:26:02 
2010-04-26 07:27:01 Paleidziam robota
2010-04-26 07:27:01 
2010-04-26 07:28:01 Paleidziam robota
2010-04-26 07:28:01 
2010-04-26 07:29:01 Paleidziam robota
2010-04-26 07:29:01 
2010-04-26 07:30:01 Paleidziam robota
2010-04-26 07:30:02 
2010-04-26 07:31:01 Paleidziam robota
2010-04-26 07:31:01 
2010-04-26 07:32:01 Paleidziam robota
2010-04-26 07:32:01 
2010-04-26 07:33:02 Paleidziam robota
2010-04-26 07:33:02 
2010-04-26 07:34:01 Paleidziam robota
2010-04-26 07:34:01 
2010-04-26 07:35:01 Paleidziam robota
2010-04-26 07:35:01 
2010-04-26 07:36:01 Paleidziam robota
2010-04-26 07:36:01 
2010-04-26 07:37:01 Paleidziam robota
2010-04-26 07:37:01 
2010-04-26 07:38:01 Paleidziam robota
2010-04-26 07:38:01 
2010-04-26 07:39:01 Paleidziam robota
2010-04-26 07:39:01 
2010-04-26 07:40:01 Paleidziam robota
2010-04-26 07:40:01 
2010-04-26 07:41:01 Paleidziam robota
2010-04-26 07:41:01 
2010-04-26 07:42:01 Paleidziam robota
2010-04-26 07:42:01 
2010-04-26 07:43:01 Paleidziam robota
2010-04-26 07:43:01 
2010-04-26 07:44:01 Paleidziam robota
2010-04-26 07:44:01 
2010-04-26 07:45:01 Paleidziam robota
2010-04-26 07:45:01 
2010-04-26 07:46:01 Paleidziam robota
2010-04-26 07:46:02 
2010-04-26 07:47:01 Paleidziam robota
2010-04-26 07:47:01 
2010-04-26 07:48:01 Paleidziam robota
2010-04-26 07:48:02 
2010-04-26 07:49:01 Paleidziam robota
2010-04-26 07:49:01 
2010-04-26 07:50:01 Paleidziam robota
2010-04-26 07:50:01 
2010-04-26 07:51:01 Paleidziam robota
2010-04-26 07:51:02 
2010-04-26 07:52:01 Paleidziam robota
2010-04-26 07:52:01 
2010-04-26 07:53:01 Paleidziam robota
2010-04-26 07:53:01 
2010-04-26 07:54:01 Paleidziam robota
2010-04-26 07:54:01 
2010-04-26 07:55:01 Paleidziam robota
2010-04-26 07:55:01 
2010-04-26 07:56:02 Paleidziam robota
2010-04-26 07:56:02 
2010-04-26 07:57:01 Paleidziam robota
2010-04-26 07:57:01 
2010-04-26 07:58:01 Paleidziam robota
2010-04-26 07:58:01 
2010-04-26 07:59:01 Paleidziam robota
2010-04-26 07:59:01 
2010-04-26 08:00:02 Paleidziam robota
2010-04-26 08:00:02 
2010-04-26 08:01:01 Paleidziam robota
2010-04-26 08:01:01 
2010-04-26 08:02:02 Paleidziam robota
2010-04-26 08:02:02 
2010-04-26 08:03:01 Paleidziam robota
2010-04-26 08:03:01 
2010-04-26 08:04:01 Paleidziam robota
2010-04-26 08:04:01 
2010-04-26 08:05:01 Paleidziam robota
2010-04-26 08:05:01 
2010-04-26 08:06:01 Paleidziam robota
2010-04-26 08:06:01 
2010-04-26 08:07:01 Paleidziam robota
2010-04-26 08:07:01 
2010-04-26 08:08:01 Paleidziam robota
2010-04-26 08:08:01 
2010-04-26 08:09:01 Paleidziam robota
2010-04-26 08:09:01 
2010-04-26 08:10:01 Paleidziam robota
2010-04-26 08:10:01 
2010-04-26 08:11:01 Paleidziam robota
2010-04-26 08:11:01 
2010-04-26 08:12:01 Paleidziam robota
2010-04-26 08:12:01 
2010-04-26 08:13:01 Paleidziam robota
2010-04-26 08:13:01 
2010-04-26 08:14:01 Palei2010-04-26 09:23:02 Paleidziam robota
2010-04-27 22:11:01 Paleidziam robota
2010-04-28 06:48:07 Paleidziam robota
2010-05-05 11:52:01 Paleidziam robota
2010-05-07 13:24:17 
2010-05-07 13:24:17 
2010-05-07 13:25:01 Paleidziam robota
2010-05-07 13:35:33 
2010-05-07 13:37:01 Paleidziam robota
2010-05-07 13:42:32 
2010-05-07 13:44:01 Paleidziam robota
2010-05-07 13:44:31 
2010-05-07 13:46:01 Paleidziam robota
2010-05-07 14:13:33 
2010-05-07 14:15:01 Paleidziam robota
2010-05-25 19:50:01 Paleidziam robota
2010-06-21 04:43:01 Paleidziam robota
2010-06-22 06:51:24 
2010-06-22 06:51:29 
2010-06-22 06:51:29 
2010-06-22 06:56:11 Paleidziam robota
2010-06-22 07:24:02 Paleidziam robota
2010-06-22 08:23:09 Paleidziam robota
2010-06-22 09:28:01 Paleidziam robota
2010-06-22 14:26:01 Paleidziam robota
2010-06-22 15:38:14 Paleidziam robota
2010-06-22 23:37:13 Paleidziam robota
2010-07-07 20:46:24 Paleidziam robota
2010-07-08 15:31:01 Paleidziam robota
2010-07-09 22:56:29 
2010-07-09 22:56:29 
2010-07-09 22:56:29 
2010-07-09 22:57:08 Paleidziam robota
2010-07-10 22:01:53 Paleidziam robota
2010-07-14 20:32:02 Paleidziam robota
2010-07-14 21:48:01 Paleidziam robota
2010-07-15 12:46:01 Paleidziam robota
2010-07-15 14:02:01 Paleidziam robota
2010-07-17 19:48:01 Paleidziam robota
2010-07-17 19:49:01 Paleidziam robota
2010-07-18 13:47:01 Paleidziam robota
2010-07-19 16:17:01 Paleidziam robota
2010-07-20 11:31:01 Paleidziam robota
2010-07-20 11:32:01 Paleidziam robota
2010-07-21 19:32:25 Paleidziam robota
2010-07-21 19:32:25 Paleidziam robota
2010-08-09 06:07:28 
2010-08-09 06:07:28 
2010-08-09 06:07:29 
2010-08-10 06:06:33 
2010-08-10 06:06:33 
2010-08-10 06:06:33 
2010-08-10 06:06:36 
2010-08-10 06:06:36 
2010-08-10 06:06:36 
2010-08-10 06:06:36 
2010-08-10 06:06:36 
2010-08-10 06:06:36 
2010-08-10 06:06:36 
2010-08-10 06:06:36 
2010-08-10 06:08:01 Paleidziam robota
2010-08-11 06:17:59 
2010-08-11 06:19:01 Paleidziam robota
2010-08-11 06:19:01 
2010-08-11 06:20:01 Paleidziam robota
2010-08-11 06:20:01 
2010-08-11 06:21:01 Paleidziam robota
2010-08-11 06:21:01 
2010-08-11 06:22:01 Paleidziam robota
2010-08-11 06:22:01 
2010-08-11 06:23:01 Paleidziam robota
2010-08-11 06:23:01 
2010-08-11 06:24:01 Paleidziam robota
2010-08-11 06:24:01 
2010-08-11 06:25:01 Paleidziam robota
2010-08-11 06:25:01 
2010-08-11 06:26:01 Paleidziam robota
2010-08-11 06:26:01 
2010-08-11 06:27:01 Paleidziam robota
2010-08-11 06:27:01 
2010-08-11 06:28:01 Paleidziam robota
2010-08-11 06:28:01 
2010-08-11 06:29:01 Paleidziam robota
2010-08-11 06:29:01 
2010-08-11 06:30:01 Paleidziam robota
2010-08-11 06:30:02 
2010-08-11 06:31:03 Paleidziam robota
2010-08-11 06:31:04 
2010-08-11 06:32:01 Paleidziam robota
2010-08-11 06:32:01 
2010-08-11 06:33:01 Paleidziam robota
2010-08-11 06:33:01 
2010-08-11 06:34:01 Paleidziam robota
2010-08-11 06:34:01 
2010-08-11 06:35:01 Paleidziam robota
2010-08-11 06:35:01 
2010-08-11 06:36:01 Paleidziam robota
2010-08-11 06:36:01 
2010-08-11 06:37:01 Paleidziam robota
2010-08-11 06:37:01 
2010-08-11 06:38:01 Paleidziam robota
2010-08-11 06:38:01 
2010-08-11 06:39:01 Paleidziam robota
2010-08-11 06:39:01 
2010-08-11 06:40:01 Paleidziam robota
2010-08-11 06:40:01 
2010-08-11 06:41:01 Paleidziam robota
2010-08-11 06:41:02 
2010-08-11 06:42:01 Paleidziam robota
2010-08-11 06:42:01 
2010-08-11 06:43:01 Paleidziam robota
2010-08-11 06:43:01 
2010-08-11 06:44:01 Paleidziam robota
2010-08-11 06:44:01 
2010-08-11 06:45:01 Paleidziam robota
2010-08-11 06:45:01 
2010-08-11 06:46:01 Paleidziam robota
2010-08-11 06:46:02 
2010-08-11 06:47:01 Paleidziam robota
2010-08-11 06:47:01 
2010-08-11 06:48:01 Paleidziam robota
2010-08-11 06:48:02 
2010-08-11 06:49:01 Paleidziam robota
2010-08-11 06:49:01 
2010-08-11 06:50:01 Paleidziam robota
2010-08-11 06:50:01 
2010-08-11 06:51:01 Paleidziam robota
2010-08-11 06:51:01 
2010-08-11 06:52:01 Paleidziam robota
2010-08-11 06:52:01 
2010-08-11 06:53:01 Paleidziam robota
2010-08-11 06:53:02 
2010-08-11 06:54:01 Paleidziam robota
2010-08-11 06:54:01 
2010-08-11 06:55:01 Paleidziam robota
2010-08-11 06:55:01 
2010-08-11 06:562010-08-11 11:01:01 Paleidziam robota
2010-08-22 06:18:19 
2010-08-22 06:19:01 Paleidziam robota
2010-08-22 06:19:01 
2010-08-22 06:20:02 Paleidziam robota
2010-08-22 06:20:02 
2010-08-22 06:21:01 Paleidziam robota
2010-08-22 06:21:01 
2010-08-22 06:22:01 Paleidziam robota
2010-08-22 06:22:01 
2010-08-22 06:23:02 Paleidziam robota
2010-08-22 06:23:02 
2010-08-22 06:24:01 Paleidziam robota
2010-08-22 06:24:01 
2010-08-22 06:25:01 Paleidziam robota
2010-08-22 06:25:01 
2010-08-22 06:26:01 Paleidziam robota
2010-08-22 06:26:01 
2010-08-22 06:27:01 Paleidziam robota
2010-08-22 06:27:01 
2010-08-22 06:28:01 Paleidziam robota
2010-08-22 06:28:01 
2010-08-22 06:29:01 Paleidziam robota
2010-08-22 06:29:01 
2010-08-22 06:30:01 Paleidziam robota
2010-08-22 06:30:01 
2010-08-22 06:31:07 Paleidziam robota
2010-08-22 06:31:07 
2010-08-22 06:32:01 Paleidziam robota
2010-08-22 06:32:01 
2010-08-22 06:33:01 Paleidziam robota
2010-08-22 06:33:01 
2010-08-22 06:34:01 Paleidziam robota
2010-08-22 06:34:01 
2010-08-22 06:35:01 Paleidziam robota
2010-08-22 06:35:01 
2010-08-22 06:36:01 Paleidziam robota
2010-08-22 06:36:02 
2010-08-22 06:37:01 Paleidziam robota
2010-08-22 06:37:01 
2010-08-22 06:38:01 Paleidziam robota
2010-08-22 06:38:01 
2010-08-22 06:39:01 Paleidziam robota
2010-08-22 06:39:01 
2010-08-22 06:40:01 Paleidziam robota
2010-08-22 06:40:01 
2010-08-22 06:41:01 Paleidziam robota
2010-08-22 06:41:02 
2010-08-22 06:42:01 Paleidziam robota
2010-08-22 06:42:01 
2010-08-22 06:43:01 Paleidziam robota
2010-08-22 06:43:01 
2010-08-22 06:44:01 Paleidziam robota
2010-08-22 06:44:02 
2010-08-22 06:45:01 Paleidziam robota
2010-08-22 06:45:01 
2010-08-22 06:46:01 Paleidziam robota
2010-08-22 06:46:01 
2010-08-22 06:47:01 Paleidziam robota
2010-08-22 06:47:01 
2010-08-22 06:48:01 Paleidziam robota
2010-08-22 06:48:01 
2010-08-22 06:49:01 Paleidziam robota
2010-08-22 06:49:01 
2010-08-22 06:50:01 Paleidziam robota
2010-08-22 06:50:01 
2010-08-22 06:51:01 Paleidziam robota
2010-08-22 06:51:01 
2010-08-22 06:52:01 Paleidziam robota
2010-08-22 06:52:01 
2010-08-22 06:53:01 Paleidziam robota
2010-08-22 06:53:01 
2010-08-22 06:54:01 Paleidziam robota
2010-08-22 06:54:01 
2010-08-22 06:55:01 Paleidziam robota
2010-08-22 06:55:01 
2010-08-22 06:56:01 Paleidziam robota
2010-08-22 06:56:01 
2010-08-22 06:57:01 Paleidziam robota
2010-08-22 06:57:01 
2010-08-22 06:58:01 Paleidziam robota
2010-08-22 06:58:01 
2010-08-22 06:59:01 Paleidziam robota
2010-08-22 06:59:01 
2010-08-22 07:00:02 Paleidziam robota
2010-08-22 07:00:02 
2010-08-22 07:01:01 Paleidziam robota
2010-08-22 07:01:01 
2010-08-22 07:02:01 Paleidziam robota
2010-08-22 07:02:02 
2010-08-22 07:03:01 Paleidziam robota
2010-08-22 07:03:01 
2010-08-22 07:04:01 Paleidziam robota
2010-08-22 07:04:01 
2010-08-22 07:05:01 Paleidziam robota
2010-08-22 07:05:01 
2010-08-22 07:06:01 Paleidziam robota
2010-08-22 07:06:01 
2010-08-22 07:07:01 Paleidziam robota
2010-08-22 07:07:01 
2010-08-22 07:08:01 Paleidziam robota
2010-08-22 07:08:01 
2010-08-22 07:09:01 Paleidziam robota
2010-08-22 07:09:01 
2010-08-22 07:10:01 Paleidziam robota
2010-08-22 07:10:01 
2010-08-22 07:11:01 Paleidziam robota
2010-08-22 07:11:01 
2010-08-22 07:12:01 Paleidziam robota
2010-08-22 07:12:01 
2010-08-22 07:13:01 Paleidziam robota
2010-08-22 07:13:01 
2010-08-22 07:14:01 Paleidziam robota
2010-08-22 07:14:01 
2010-08-22 07:15:01 Paleidziam robota
2010-08-22 07:15:01 
2010-08-22 07:16:01 Paleidziam robota
2010-08-22 07:16:01 
2010-08-22 07:17:01 Paleidziam robota
2010-08-22 07:17:01 
2010-08-22 07:18:01 Paleidziam robota
2010-08-22 07:18:02 
2010-08-22 07:19:01 Paleidziam robota
2010-08-22 07:19:01 
2010-08-22 07:20:01 Paleidziam robota
2010-08-22 07:20:02 
2010-08-22 07:21:01 Paleidziam robota
2010-08-22 07:21:01 
2010-08-22 07:22:01 Paleidziam robota
2010-08-22 07:22:01 
2010-08-22 07:23:01 Paleidziam robota
2010-08-22 07:23:01 
2010-08-22 07:24:01 Paleidziam robota
2010-08-22 07:24:01 
2010-08-22 07:25:01 Paleidziam robota
2010-08-22 07:25:01 
2010-08-22 07:26:01 Paleidziam robota
2010-08-22 07:26:01 
2010-08-22 07:27:01 Palei2010-08-22 11:49:01 Paleidziam robota
2010-08-22 11:49:01 
2010-08-22 11:50:01 Paleidziam robota
2010-08-30 06:07:56 
2010-08-30 06:09:01 Paleidziam robota
2010-09-16 06:09:28 
2010-09-16 06:13:08 Paleidziam robota
2010-09-24 04:13:11 Paleidziam robota
2010-10-20 06:13:23 
2010-10-20 06:17:08 Paleidziam robota
2010-10-27 19:06:32 Paleidziam robota
2010-11-09 22:51:26 Paleidziam robota
2010-11-10 09:51:37 
2010-11-10 09:51:37 
2010-11-10 09:53:01 Paleidziam robota
2010-11-11 02:08:20 
2010-11-11 02:09:02 Paleidziam robota
2010-12-13 05:04:25 Paleidziam robota
2011-01-01 06:07:29 
2011-01-02 06:06:49 
2011-01-02 06:08:01 Paleidziam robota
2011-01-19 13:31:01 Paleidziam robota
